TN:
SF:src\components\HUD.tsx
FN:14,HUD
FNF:1
FNH:1
FNDA:2,HUD
DA:3,1
DA:4,1
DA:14,1
DA:15,2
DA:18,2
DA:19,2
DA:20,2
DA:21,2
DA:23,2
DA:27,2
DA:31,2
DA:35,2
DA:41,2
LF:13
LH:13
BRDA:14,0,0,0
BRDA:14,1,0,0
BRDA:14,2,0,0
BRDA:14,3,0,0
BRDA:14,4,0,0
BRDA:18,5,0,0
BRDA:18,5,1,2
BRDA:19,6,0,0
BRDA:19,6,1,2
BRDA:20,7,0,0
BRDA:20,7,1,2
BRDA:21,8,0,0
BRDA:21,8,1,2
BRDA:23,9,0,2
BRDA:23,9,1,0
BRDA:23,10,0,2
BRDA:23,10,1,2
BRDA:27,11,0,2
BRDA:27,11,1,0
BRDA:27,12,0,0
BRDA:27,12,1,0
BRDA:31,13,0,0
BRDA:31,13,1,2
BRDA:31,14,0,0
BRDA:31,14,1,2
BRDA:35,15,0,2
BRDA:35,15,1,0
BRDA:37,16,0,0
BRDA:37,16,1,0
BRDA:51,17,0,2
BRDA:51,17,1,0
BRDA:70,18,0,2
BRDA:70,18,1,2
BRF:33
BRH:14
end_of_record
TN:
SF:src\context\AudioContext.tsx
FN:28,AudioProvider
FN:33,(anonymous_1)
FN:42,(anonymous_2)
FN:46,(anonymous_3)
FN:47,(anonymous_4)
FN:52,(anonymous_5)
FN:60,(anonymous_6)
FN:89,(anonymous_7)
FN:100,useAudio
FNF:9
FNH:3
FNDA:2,AudioProvider
FNDA:2,(anonymous_1)
FNDA:0,(anonymous_2)
FNDA:0,(anonymous_3)
FNDA:0,(anonymous_4)
FNDA:0,(anonymous_5)
FNDA:0,(anonymous_6)
FNDA:0,(anonymous_7)
FNDA:2,useAudio
DA:2,1
DA:25,1
DA:28,1
DA:29,2
DA:30,2
DA:33,2
DA:34,2
DA:35,2
DA:36,2
DA:37,2
DA:42,2
DA:43,0
DA:44,0
DA:46,0
DA:47,0
DA:52,2
DA:53,0
DA:54,0
DA:55,0
DA:60,2
DA:73,0
DA:86,0
DA:87,0
DA:88,0
DA:89,0
DA:92,2
DA:100,1
DA:101,2
DA:102,2
DA:103,0
DA:105,2
LF:31
LH:18
BRDA:34,0,0,2
BRDA:43,1,0,0
BRDA:43,2,0,0
BRDA:43,2,1,0
BRDA:53,3,0,0
BRDA:53,4,0,0
BRDA:53,4,1,0
BRDA:102,5,0,0
BRF:8
BRH:1
end_of_record
TN:
SF:src\context\MoneyContext.tsx
FN:18,MoneyProvider
FN:19,(anonymous_1)
FN:24,(anonymous_2)
FN:30,(anonymous_3)
FN:36,(anonymous_4)
FN:39,(anonymous_5)
FN:49,(anonymous_6)
FN:50,(anonymous_7)
FN:59,(anonymous_8)
FN:65,(anonymous_9)
FN:83,useMoney
FNF:11
FNH:5
FNDA:2,MoneyProvider
FNDA:2,(anonymous_1)
FNDA:2,(anonymous_2)
FNDA:2,(anonymous_3)
FNDA:0,(anonymous_4)
FNDA:0,(anonymous_5)
FNDA:0,(anonymous_6)
FNDA:0,(anonymous_7)
FNDA:0,(anonymous_8)
FNDA:0,(anonymous_9)
FNDA:2,useMoney
DA:2,1
DA:15,1
DA:18,1
DA:19,2
DA:20,2
DA:21,2
DA:24,2
DA:25,2
DA:26,2
DA:30,2
DA:31,2
DA:32,2
DA:36,2
DA:37,0
DA:38,0
DA:39,0
DA:40,0
DA:41,0
DA:43,0
DA:44,0
DA:49,2
DA:50,0
DA:51,0
DA:52,0
DA:53,0
DA:54,0
DA:59,2
DA:60,0
DA:61,0
DA:65,2
DA:66,0
DA:67,0
DA:68,0
DA:69,0
DA:70,0
DA:73,2
DA:83,1
DA:84,2
DA:85,2
DA:86,0
DA:88,2
LF:41
LH:21
BRDA:21,0,0,1
BRDA:21,0,1,1
BRDA:26,1,0,1
BRDA:26,1,1,1
BRDA:37,2,0,0
BRDA:37,2,1,0
BRDA:37,3,0,0
BRDA:37,3,1,0
BRDA:51,4,0,0
BRDA:51,4,1,0
BRDA:53,5,0,0
BRDA:85,6,0,0
BRF:12
BRH:4
end_of_record
TN:
SF:src\context\PoliceContext.tsx
FN:23,PoliceProvider
FN:29,(anonymous_1)
FN:38,(anonymous_2)
FN:47,(anonymous_3)
FN:59,(anonymous_4)
FN:66,(anonymous_5)
FN:74,(anonymous_6)
FN:81,(anonymous_7)
FN:99,(anonymous_8)
FN:111,(anonymous_9)
FN:128,usePolice
FNF:11
FNH:4
FNDA:2,PoliceProvider
FNDA:2,(anonymous_1)
FNDA:2,(anonymous_2)
FNDA:0,(anonymous_3)
FNDA:0,(anonymous_4)
FNDA:0,(anonymous_5)
FNDA:0,(anonymous_6)
FNDA:0,(anonymous_7)
FNDA:0,(anonymous_8)
FNDA:0,(anonymous_9)
FNDA:2,usePolice
DA:2,1
DA:3,1
DA:20,1
DA:23,1
DA:24,2
DA:25,2
DA:26,2
DA:29,2
DA:30,2
DA:31,2
DA:32,0
DA:33,0
DA:38,2
DA:39,2
DA:40,0
DA:42,2
DA:47,2
DA:48,0
DA:49,0
DA:50,0
DA:51,0
DA:52,0
DA:54,0
DA:59,2
DA:60,0
DA:61,0
DA:62,0
DA:66,2
DA:67,0
DA:68,0
DA:69,0
DA:70,0
DA:74,2
DA:75,0
DA:76,0
DA:77,0
DA:81,2
DA:82,0
DA:83,0
DA:85,0
DA:87,0
DA:88,0
DA:89,0
DA:90,0
DA:92,0
DA:93,0
DA:94,0
DA:99,2
DA:100,0
DA:101,0
DA:102,0
DA:103,0
DA:106,0
DA:107,0
DA:111,2
DA:112,0
DA:113,0
DA:114,0
DA:115,0
DA:118,2
DA:128,1
DA:129,2
DA:130,2
DA:131,0
DA:133,2
LF:65
LH:25
BRDA:31,0,0,0
BRDA:39,1,0,0
BRDA:39,1,1,2
BRDA:49,2,0,0
BRDA:49,2,1,0
BRDA:51,3,0,0
BRDA:51,3,1,0
BRDA:85,4,0,0
BRDA:85,4,1,0
BRDA:100,5,0,0
BRDA:101,6,0,0
BRDA:130,7,0,0
BRF:12
BRH:1
end_of_record
TN:
SF:src\context\RaceContext.tsx
FN:54,RaceProvider
FN:72,(anonymous_1)
FN:83,(anonymous_2)
FN:87,(anonymous_3)
FN:97,(anonymous_4)
FN:113,(anonymous_5)
FN:118,(anonymous_6)
FN:132,(anonymous_7)
FN:138,(anonymous_8)
FN:140,(anonymous_9)
FN:141,(anonymous_10)
FN:146,(anonymous_11)
FN:151,(anonymous_12)
FN:161,(anonymous_13)
FN:170,(anonymous_14)
FN:172,(anonymous_15)
FN:186,(anonymous_16)
FN:196,(anonymous_17)
FN:199,(anonymous_18)
FN:227,useRace
FNF:20
FNH:5
FNDA:2,RaceProvider
FNDA:2,(anonymous_1)
FNDA:0,(anonymous_2)
FNDA:2,(anonymous_3)
FNDA:0,(anonymous_4)
FNDA:0,(anonymous_5)
FNDA:0,(anonymous_6)
FNDA:0,(anonymous_7)
FNDA:0,(anonymous_8)
FNDA:0,(anonymous_9)
FNDA:0,(anonymous_10)
FNDA:0,(anonymous_11)
FNDA:0,(anonymous_12)
FNDA:0,(anonymous_13)
FNDA:0,(anonymous_14)
FNDA:0,(anonymous_15)
FNDA:0,(anonymous_16)
FNDA:2,(anonymous_17)
FNDA:0,(anonymous_18)
FNDA:7,useRace
DA:2,1
DA:42,1
DA:45,1
DA:46,1
DA:48,1
DA:49,1
DA:50,1
DA:51,1
DA:54,1
DA:55,2
DA:56,2
DA:57,2
DA:58,2
DA:59,2
DA:60,2
DA:61,2
DA:62,2
DA:64,2
DA:72,2
DA:73,2
DA:74,2
DA:75,2
DA:76,2
DA:77,2
DA:78,2
DA:79,2
DA:80,2
DA:83,2
DA:87,2
DA:88,2
DA:93,2
DA:97,2
DA:98,0
DA:99,0
DA:100,0
DA:101,0
DA:103,0
DA:105,0
DA:106,0
DA:109,0
DA:110,0
DA:113,0
DA:118,0
DA:119,0
DA:120,0
DA:121,0
DA:122,0
DA:123,0
DA:125,0
DA:126,0
DA:128,0
DA:131,0
DA:132,0
DA:138,2
DA:139,0
DA:140,0
DA:141,0
DA:145,0
DA:146,0
DA:147,0
DA:151,2
DA:152,0
DA:153,0
DA:154,0
DA:155,0
DA:157,0
DA:158,0
DA:161,0
DA:162,0
DA:163,0
DA:164,0
DA:170,2
DA:171,0
DA:172,0
DA:173,0
DA:174,0
DA:175,0
DA:177,0
DA:178,0
DA:179,0
DA:180,0
DA:181,0
DA:183,0
DA:186,0
DA:188,0
DA:189,0
DA:190,0
DA:191,0
DA:196,2
DA:197,2
DA:198,0
DA:199,0
DA:203,2
DA:227,1
DA:228,7
DA:229,6
DA:230,0
DA:232,6
LF:98
LH:42
BRDA:98,0,0,0
BRDA:98,1,0,0
BRDA:98,1,1,0
BRDA:98,1,2,0
BRDA:101,2,0,0
BRDA:101,2,1,0
BRDA:105,3,0,0
BRDA:105,4,0,0
BRDA:105,4,1,0
BRDA:109,5,0,0
BRDA:109,6,0,0
BRDA:109,6,1,0
BRDA:120,7,0,0
BRDA:120,7,1,0
BRDA:121,8,0,0
BRDA:121,8,1,0
BRDA:122,9,0,0
BRDA:122,9,1,0
BRDA:125,10,0,0
BRDA:131,11,0,0
BRDA:131,12,0,0
BRDA:131,12,1,0
BRDA:152,13,0,0
BRDA:152,14,0,0
BRDA:152,14,1,0
BRDA:153,15,0,0
BRDA:153,15,1,0
BRDA:155,16,0,0
BRDA:155,16,1,0
BRDA:157,17,0,0
BRDA:157,18,0,0
BRDA:157,18,1,0
BRDA:162,19,0,0
BRDA:163,20,0,0
BRDA:171,21,0,0
BRDA:171,22,0,0
BRDA:171,22,1,0
BRDA:173,23,0,0
BRDA:173,23,1,0
BRDA:173,24,0,0
BRDA:173,24,1,0
BRDA:174,25,0,0
BRDA:174,25,1,0
BRDA:174,26,0,0
BRDA:174,26,1,0
BRDA:177,27,0,0
BRDA:188,28,0,0
BRDA:197,29,0,0
BRDA:221,30,0,0
BRDA:221,30,1,2
BRDA:229,31,0,0
BRF:51
BRH:1
end_of_record
TN:
SF:src\pages\Race.tsx
FN:9,Race
FN:28,(anonymous_2)
FN:32,(anonymous_3)
FN:46,(anonymous_4)
FN:47,(anonymous_5)
FN:48,(anonymous_6)
FN:63,(anonymous_7)
FN:69,(anonymous_8)
FN:79,(anonymous_9)
FN:83,(anonymous_10)
FN:88,(anonymous_11)
FN:92,(anonymous_12)
FN:123,(anonymous_13)
FN:134,(anonymous_14)
FN:138,(anonymous_15)
FN:146,(anonymous_16)
FN:150,(anonymous_17)
FNF:17
FNH:3
FNDA:2,Race
FNDA:2,(anonymous_2)
FNDA:0,(anonymous_3)
FNDA:0,(anonymous_4)
FNDA:0,(anonymous_5)
FNDA:0,(anonymous_6)
FNDA:0,(anonymous_7)
FNDA:0,(anonymous_8)
FNDA:0,(anonymous_9)
FNDA:0,(anonymous_10)
FNDA:0,(anonymous_11)
FNDA:0,(anonymous_12)
FNDA:8,(anonymous_13)
FNDA:0,(anonymous_14)
FNDA:0,(anonymous_15)
FNDA:0,(anonymous_16)
FNDA:0,(anonymous_17)
DA:2,1
DA:3,1
DA:4,1
DA:5,1
DA:6,1
DA:7,1
DA:9,1
DA:10,2
DA:11,2
DA:12,2
DA:14,2
DA:21,2
DA:22,2
DA:25,2
DA:28,2
DA:29,2
DA:30,0
DA:32,0
DA:33,0
DA:35,0
DA:36,0
DA:37,0
DA:40,0
DA:41,0
DA:42,0
DA:46,0
DA:47,0
DA:48,0
DA:49,0
DA:50,0
DA:52,0
DA:63,0
DA:64,0
DA:65,0
DA:69,0
DA:70,0
DA:71,0
DA:72,0
DA:73,0
DA:79,2
DA:80,0
DA:81,0
DA:82,0
DA:83,0
DA:84,0
DA:88,2
DA:89,0
DA:90,0
DA:91,0
DA:92,0
DA:93,0
DA:96,2
DA:124,8
DA:135,0
DA:136,0
DA:137,0
DA:138,0
DA:147,0
DA:148,0
DA:149,0
DA:150,0
LF:61
LH:20
BRDA:25,0,0,0
BRDA:25,0,1,2
BRDA:25,1,0,0
BRDA:25,1,1,2
BRDA:29,2,0,0
BRDA:35,3,0,0
BRDA:40,4,0,0
BRDA:49,5,0,0
BRDA:49,5,1,0
BRDA:55,6,0,0
BRDA:55,6,1,0
BRDA:64,7,0,0
BRDA:97,8,0,0
BRDA:97,8,1,2
BRDA:97,9,0,0
BRDA:97,9,1,2
BRDA:98,10,0,2
BRDA:98,10,1,2
BRDA:98,11,0,2
BRDA:98,11,1,2
BRDA:103,12,0,2
BRDA:103,12,1,0
BRDA:106,13,0,2
BRDA:106,13,1,0
BRDA:114,14,0,2
BRDA:114,14,1,0
BRDA:117,15,0,2
BRDA:117,15,1,0
BRDA:131,16,0,0
BRDA:131,16,1,2
BRDA:158,17,0,0
BRDA:158,17,1,2
BRF:32
BRH:14
end_of_record
